<?xml version="1.0" encoding="UTF-8"?>
<!-- Generated by org.testng.reporters.JUnitXMLReporter -->
<testsuite ignored="1" hostname="DESKTOP-O9J57UV" failures="0" tests="2" name="FirefoxTest" time="72.278" errors="0" timestamp="2022-02-05T14:01:00 IST">
  <testcase classname="TestNG.VerifyFacebookHeader2" name="toVerifyGroups" time="0.819"/>
  <testcase classname="TestNG.VerifyFacebookHeader2" name="toVerifyMarketplace" time="1.347"/>
  <testcase classname="TestNG.VerifyFacebookHeader2" name="toVerifyWatch" time="0.0">
    <ignored/>
  </testcase> <!-- toVerifyWatch -->
</testsuite> <!-- FirefoxTest -->
