<?xml version="1.0" encoding="UTF-8"?>
<!-- Generated by org.testng.reporters.JUnitXMLReporter -->
<testsuite ignored="0" hostname="DESKTOP-O9J57UV" failures="0" tests="3" name="chromeTest" time="84.564" errors="0" timestamp="2022-01-27T12:29:33 IST">
  <testcase classname="TestNG.VerifyFacebookHeader2" name="toVerifyGroups" time="13.378"/>
  <testcase classname="TestNG.VerifyFacebookHeader2" name="toVerifyMarketplace" time="7.56"/>
  <testcase classname="TestNG.VerifyFacebookHeader2" name="toVerifyWatch" time="7.613"/>
</testsuite> <!-- chromeTest -->
